2026-02-18 19:22:35 - __main__ - INFO - Starting API server...
2026-02-18 19:23:00 - app.api.endpoints.demo - INFO - Received demo request: text='helloooooo'
2026-02-18 19:23:00 - app.services.demo - INFO - Processing demo request: text='helloooooo'
2026-02-18 19:23:00 - app.services.demo - INFO - Generated response: Received your demo request with text: 'helloooooo'. This is a response from the demo service.
2026-02-18 19:23:00 - app.api.endpoints.demo - INFO - Returning response: Received your demo request with text: 'helloooooo'. This is a response from the demo service.
2026-03-27 13:28:27 - __main__ - INFO - Starting API server...
2026-03-27 13:29:34 - __main__ - INFO - Starting API server...
2026-03-27 13:29:34 - watchfiles.main - INFO - 5 changes detected
2026-03-27 13:29:42 - watchfiles.main - INFO - 1 change detected
2026-03-27 13:29:42 - watchfiles.main - INFO - 1 change detected
2026-03-27 13:29:43 - watchfiles.main - INFO - 6 changes detected
2026-03-27 13:29:43 - watchfiles.main - INFO - 1 change detected
2026-03-27 13:29:43 - watchfiles.main - INFO - 1 change detected
2026-03-27 13:29:44 - watchfiles.main - INFO - 1 change detected
2026-03-27 13:29:44 - watchfiles.main - INFO - 1 change detected
2026-03-27 13:29:45 - watchfiles.main - INFO - 1 change detected
2026-03-27 13:29:45 - watchfiles.main - INFO - 1 change detected
2026-03-27 13:29:46 - watchfiles.main - INFO - 1 change detected
2026-03-27 13:29:46 - watchfiles.main - INFO - 1 change detected
2026-03-27 13:29:46 - watchfiles.main - INFO - 1 change detected
2026-03-27 13:29:47 - watchfiles.main - INFO - 1 change detected
2026-03-27 13:29:47 - watchfiles.main - INFO - 2 changes detected
2026-03-27 13:29:48 - watchfiles.main - INFO - 1 change detected
2026-03-27 13:29:48 - watchfiles.main - INFO - 1 change detected
2026-03-27 13:29:48 - watchfiles.main - INFO - 6 changes detected
2026-03-27 13:29:49 - watchfiles.main - INFO - 1 change detected
2026-03-27 13:29:49 - watchfiles.main - INFO - 1 change detected
2026-03-27 13:29:50 - watchfiles.main - INFO - 1 change detected
2026-03-27 13:29:50 - watchfiles.main - INFO - 1 change detected
2026-03-27 13:29:50 - watchfiles.main - INFO - 1 change detected
2026-03-27 13:29:51 - watchfiles.main - INFO - 1 change detected
2026-03-27 13:29:51 - watchfiles.main - INFO - 1 change detected
2026-03-27 13:29:52 - watchfiles.main - INFO - 1 change detected
2026-03-27 13:29:52 - watchfiles.main - INFO - 1 change detected
2026-03-27 13:29:52 - watchfiles.main - INFO - 1 change detected
2026-03-27 13:29:53 - watchfiles.main - INFO - 1 change detected
2026-03-27 13:29:53 - watchfiles.main - INFO - 1 change detected
2026-03-27 13:29:54 - watchfiles.main - INFO - 1 change detected
2026-03-27 13:29:54 - watchfiles.main - INFO - 1 change detected
2026-03-27 13:29:54 - watchfiles.main - INFO - 1 change detected
2026-03-27 13:29:55 - watchfiles.main - INFO - 1 change detected
2026-03-27 13:29:55 - watchfiles.main - INFO - 1 change detected
2026-03-27 13:29:56 - watchfiles.main - INFO - 1 change detected
2026-03-27 13:29:56 - watchfiles.main - INFO - 1 change detected
2026-03-27 13:29:56 - watchfiles.main - INFO - 1 change detected
2026-03-27 13:29:57 - watchfiles.main - INFO - 1 change detected
2026-03-27 13:29:57 - watchfiles.main - INFO - 1 change detected
2026-03-27 13:29:58 - watchfiles.main - INFO - 1 change detected
2026-03-27 13:29:58 - watchfiles.main - INFO - 1 change detected
2026-03-27 13:29:58 - watchfiles.main - INFO - 1 change detected
2026-03-27 13:29:59 - watchfiles.main - INFO - 1 change detected
2026-03-27 13:29:59 - watchfiles.main - INFO - 1 change detected
2026-03-27 13:30:00 - watchfiles.main - INFO - 1 change detected
2026-03-27 13:30:00 - watchfiles.main - INFO - 1 change detected
2026-03-27 13:30:00 - watchfiles.main - INFO - 1 change detected
2026-03-27 13:30:01 - watchfiles.main - INFO - 1 change detected
2026-03-27 13:30:01 - watchfiles.main - INFO - 1 change detected
2026-03-27 13:30:02 - watchfiles.main - INFO - 2 changes detected
2026-03-27 13:30:02 - watchfiles.main - INFO - 1 change detected
2026-03-27 13:30:03 - watchfiles.main - INFO - 6 changes detected
2026-03-27 13:30:03 - watchfiles.main - INFO - 1 change detected
2026-03-27 13:30:04 - watchfiles.main - INFO - 1 change detected
2026-03-27 13:30:04 - watchfiles.main - INFO - 1 change detected
2026-03-27 13:30:04 - watchfiles.main - INFO - 1 change detected
2026-03-27 13:30:05 - watchfiles.main - INFO - 1 change detected
2026-03-27 13:30:05 - watchfiles.main - INFO - 1 change detected
2026-03-27 13:30:05 - watchfiles.main - INFO - 1 change detected
2026-03-27 13:30:06 - watchfiles.main - INFO - 1 change detected
2026-03-27 13:30:06 - watchfiles.main - INFO - 1 change detected
2026-03-27 13:30:09 - __main__ - INFO - Starting API server...
